SF:lib/presentation/shared/route_helper.dart
DA:3,2
DA:4,2
LF:2
LH:2
end_of_record
SF:lib/app.dart
DA:12,1
DA:14,1
DA:16,1
DA:19,1
DA:20,1
DA:21,1
DA:23,1
DA:24,1
DA:25,1
DA:26,1
DA:27,1
LF:11
LH:11
end_of_record
SF:lib/data/data_providers.dart
DA:13,2
DA:14,1
DA:15,1
DA:16,0
DA:17,0
DA:19,1
DA:20,1
DA:22,0
LF:8
LH:5
end_of_record
SF:lib/presentation/add_edit_note/add_edit_note_route.dart
DA:12,0
DA:13,0
DA:15,0
DA:16,0
DA:17,0
DA:21,2
DA:22,2
DA:23,2
DA:27,1
DA:31,0
DA:33,0
DA:34,0
DA:35,0
DA:36,0
DA:38,0
DA:39,0
DA:40,0
DA:42,0
DA:43,0
DA:49,0
DA:50,0
DA:52,0
DA:53,0
LF:23
LH:4
end_of_record
SF:lib/presentation/notes_list/note_list_route.dart
DA:14,1
DA:15,1
DA:18,0
DA:20,0
DA:21,0
DA:22,0
DA:23,0
DA:24,0
DA:25,0
DA:26,0
DA:27,0
DA:28,0
DA:33,0
DA:34,0
DA:36,0
DA:37,0
LF:16
LH:2
end_of_record
SF:lib/main.dart
DA:7,0
DA:8,0
LF:2
LH:0
end_of_record
SF:lib/data/data_sources/local/notes_cache_manager.dart
DA:7,0
DA:8,0
DA:9,0
DA:11,0
DA:14,0
DA:15,0
DA:19,0
DA:22,0
DA:23,0
DA:24,0
LF:10
LH:0
end_of_record
SF:lib/data/data_sources/remote/fake_notes_api.dart
DA:9,0
DA:10,0
DA:11,0
DA:15,0
DA:19,0
DA:20,0
DA:21,0
DA:26,0
DA:31,0
DA:32,0
DA:33,0
DA:37,0
DA:42,0
DA:43,0
DA:44,0
DA:49,0
DA:54,0
DA:55,0
LF:18
LH:0
end_of_record
SF:lib/data/data_sources/remote/notes_api.dart
DA:9,0
DA:15,0
DA:16,0
DA:17,0
DA:18,0
DA:19,0
DA:20,0
DA:21,0
DA:22,0
DA:25,0
DA:30,0
DA:31,0
DA:32,0
DA:33,0
DA:34,0
DA:40,0
DA:41,0
DA:43,0
DA:44,0
DA:45,0
DA:46,0
DA:47,0
DA:49,0
DA:55,0
DA:56,0
DA:57,0
DA:58,0
DA:59,0
DA:65,0
DA:66,0
DA:68,0
DA:70,0
LF:32
LH:0
end_of_record
SF:lib/data/notes_repository.dart
DA:8,0
DA:18,0
DA:21,0
DA:22,0
DA:23,0
DA:26,0
DA:27,0
DA:28,0
DA:30,0
DA:34,0
DA:36,0
DA:37,0
DA:38,0
DA:40,0
DA:41,0
DA:42,0
DA:47,0
DA:52,0
DA:53,0
DA:57,0
DA:59,0
DA:65,0
DA:66,0
DA:71,0
DA:73,0
DA:75,0
LF:26
LH:0
end_of_record
SF:lib/data/models/external_note.dart
DA:9,0
DA:15,0
DA:16,0
DA:18,0
DA:25,0
DA:26,0
DA:27,0
DA:28,0
DA:33,0
LF:9
LH:0
end_of_record
SF:lib/data/models/external_note.g.dart
DA:9,0
DA:10,0
DA:11,0
DA:12,0
DA:13,0
DA:17,0
DA:18,0
DA:19,0
DA:20,0
DA:21,0
LF:10
LH:0
end_of_record
SF:lib/domain/models/note.dart
DA:4,4
DA:12,2
DA:13,8
LF:3
LH:3
end_of_record
SF:lib/presentation/add_edit_note/add_edit_note_screen.dart
DA:11,1
DA:18,1
DA:19,1
DA:26,1
DA:28,1
DA:29,1
DA:30,1
DA:31,3
DA:34,1
DA:35,2
DA:41,3
DA:44,1
DA:45,2
DA:46,4
DA:47,4
DA:50,1
DA:51,1
DA:52,1
DA:53,1
DA:55,1
DA:61,1
DA:62,1
DA:63,1
DA:64,1
DA:65,1
DA:66,1
DA:67,1
DA:68,1
DA:69,1
DA:71,1
DA:72,0
DA:77,1
DA:78,1
DA:79,1
DA:82,1
DA:84,1
DA:85,0
DA:93,1
DA:95,1
DA:96,1
DA:97,0
DA:98,0
DA:99,0
DA:100,0
DA:101,0
DA:110,1
DA:112,2
DA:113,2
DA:114,1
LF:49
LH:42
end_of_record
SF:lib/presentation/add_edit_note/bloc/add_edit_note_events.dart
DA:5,2
DA:9,2
DA:14,1
DA:15,1
DA:16,4
DA:18,4
DA:19,2
DA:21,3
DA:22,2
DA:25,2
DA:31,1
DA:41,1
DA:42,2
DA:43,2
DA:45,2
DA:46,2
DA:51,4
DA:55,1
DA:56,3
DA:57,1
DA:58,1
DA:59,1
DA:62,3
DA:63,1
DA:64,1
DA:67,2
DA:69,3
DA:70,2
LF:28
LH:28
end_of_record
SF:lib/presentation/add_edit_note/bloc/add_edit_note_states.dart
DA:4,9
DA:9,1
DA:10,3
DA:14,9
DA:15,2
DA:19,2
DA:20,2
DA:24,2
DA:25,2
DA:29,2
DA:30,2
DA:34,1
DA:38,1
DA:42,1
DA:43,1
DA:44,1
DA:45,1
DA:46,1
DA:51,4
LF:19
LH:19
end_of_record
SF:lib/presentation/add_edit_note/bloc/add_edit_note_bloc.dart
DA:11,1
DA:13,1
LF:2
LH:2
end_of_record
SF:lib/presentation/shared/widgets/bottom_sheet.dart
DA:5,1
DA:15,1
DA:17,1
DA:18,1
DA:19,1
DA:20,2
DA:21,1
DA:22,1
DA:23,1
DA:26,1
DA:27,1
DA:28,1
DA:29,1
DA:32,1
DA:33,1
DA:34,1
DA:35,2
DA:36,1
DA:39,1
DA:43,1
DA:44,1
DA:45,1
DA:46,3
DA:50,1
DA:51,4
DA:52,1
DA:53,1
DA:54,1
DA:55,1
DA:56,1
DA:57,1
DA:60,2
DA:61,1
DA:62,1
DA:63,1
DA:74,1
DA:81,1
DA:84,1
DA:85,1
LF:39
LH:39
end_of_record
SF:lib/presentation/shared/widgets/loading_view.dart
DA:4,1
DA:6,1
DA:7,1
DA:10,1
LF:4
LH:4
end_of_record
SF:lib/presentation/shared/bloc/base_bloc.dart
DA:6,6
DA:8,3
DA:9,3
DA:11,2
DA:15,12
DA:21,20
LF:6
LH:6
end_of_record
SF:lib/presentation/notes_list/bloc/note_list_states.dart
DA:4,9
DA:13,1
DA:14,3
DA:18,9
DA:21,2
DA:25,8
DA:29,2
DA:30,2
DA:34,1
DA:35,1
LF:10
LH:10
end_of_record
SF:lib/presentation/notes_list/bloc/note_list_events.dart
DA:4,9
DA:8,23
DA:11,1
DA:12,2
DA:14,2
DA:15,1
DA:16,1
DA:17,2
DA:19,2
DA:20,1
DA:21,5
DA:22,4
DA:27,1
DA:32,1
DA:33,4
DA:36,4
DA:39,4
DA:41,2
DA:43,3
DA:44,4
LF:20
LH:20
end_of_record
SF:lib/presentation/notes_list/bloc/note_list_bloc.dart
DA:15,1
DA:17,1
LF:2
LH:2
end_of_record
SF:lib/presentation/notes_list/note_list_screen.dart
DA:14,1
DA:24,1
DA:26,1
DA:27,1
DA:28,1
DA:29,1
DA:30,0
DA:36,0
DA:39,2
DA:41,1
DA:42,1
DA:49,1
DA:56,3
DA:57,1
DA:58,1
DA:59,1
DA:61,1
DA:62,1
DA:67,1
DA:68,1
DA:69,1
DA:71,1
DA:72,1
DA:74,1
DA:76,1
DA:79,1
DA:80,1
DA:81,1
DA:82,1
DA:83,2
DA:84,1
DA:85,0
LF:32
LH:29
end_of_record
SF:lib/presentation/shared/widgets/app_bar_loading.dart
DA:4,7
DA:6,1
DA:8,1
DA:9,1
DA:10,1
DA:12,1
LF:6
LH:6
end_of_record
SF:lib/presentation/notes_list/views/note_list_empty_view.dart
DA:6,1
DA:8,1
DA:10,1
DA:11,1
DA:12,1
DA:13,1
LF:6
LH:6
end_of_record
SF:lib/presentation/notes_list/views/note_list_shimmering_view.dart
DA:4,1
DA:6,1
DA:8,1
DA:9,1
DA:10,1
DA:11,1
DA:12,2
LF:7
LH:7
end_of_record
SF:lib/presentation/notes_list/views/note_list_view.dart
DA:8,1
DA:16,1
DA:18,1
DA:19,1
DA:20,2
DA:21,1
DA:22,2
DA:23,1
DA:24,1
DA:26,2
DA:28,0
DA:29,0
DA:32,1
DA:33,4
DA:34,1
DA:35,0
DA:40,2
LF:17
LH:14
end_of_record
